
R version 4.0.3 (2020-10-10) -- "Bunny-Wunnies Freak Out"
Copyright (C) 2020 The R Foundation for Statistical Computing
Platform: x86_64-pc-linux-gnu (64-bit)

R is free software and comes with ABSOLUTELY NO WARRANTY.
You are welcome to redistribute it under certain conditions.
Type 'license()' or 'licence()' for distribution details.

  Natural language support but running in an English locale

R is a collaborative project with many contributors.
Type 'contributors()' for more information and
'citation()' on how to cite R or R packages in publications.

Type 'demo()' for some demos, 'help()' for on-line help, or
'help.start()' for an HTML browser interface to help.
Type 'q()' to quit R.

[Previously saved workspace restored]

> library(tidyverse)
── Attaching packages ─────────────────────────────────────── tidyverse 1.3.0 ──
✔ ggplot2 3.3.3     ✔ purrr   0.3.4
✔ tibble  3.0.6     ✔ dplyr   1.0.4
✔ tidyr   1.1.2     ✔ stringr 1.4.0
✔ readr   1.4.0     ✔ forcats 0.5.1
── Conflicts ────────────────────────────────────────── tidyverse_conflicts() ──
✖ dplyr::filter() masks stats::filter()
✖ dplyr::lag()    masks stats::lag()
> library(peacesciencer)
Registered S3 method overwritten by 'broom.mixed':
  method      from 
  tidy.gamlss broom
> library(microbenchmark)
> 
> # https://stackoverflow.com/questions/10893611/storing-tic-toc-values-in-r
> # Create some data ----
> 
> cow_ddy
# A tibble: 2,063,670 x 3
   ccode1 ccode2  year
    <dbl>  <dbl> <int>
 1      2     20  1920
 2      2     20  1921
 3      2     20  1922
 4      2     20  1923
 5      2     20  1924
 6      2     20  1925
 7      2     20  1926
 8      2     20  1927
 9      2     20  1928
10      2     20  1929
# … with 2,063,660 more rows
> gw_ddy <- create_dyadyears(system = "gw")
> 
> cow_ddy_cowmid <- cow_ddy %>% add_cow_mids(keep = NULL)
Joining, by = c("ccode1", "ccode2", "year")
> cow_ddy_gmlmmid <- cow_ddy %>% add_gml_mids(keep = NULL)
Joining, by = c("ccode1", "ccode2", "year")
> 
> 
> # https://stackoverflow.com/questions/43662457/convert-list-of-vectors-to-data-frame
> # ^ inspiration for {microbenchmark} approach
> 
> dyad_bench <- microbenchmark::microbenchmark(
+   `add_archigos()` = cow_ddy %>% add_archigos(),
+   `add_atop_alliance()` = cow_ddy %>% add_atop_alliance(),
+   `add_capital_distance()` = cow_ddy %>% add_capital_distance(),
+   `add_ccode_to_gw()` = gw_ddy %>% add_ccode_to_gw(),
+   `add_contiguity()` = cow_ddy %>% add_contiguity(),
+   `add_cow_alliance()` = cow_ddy %>% add_cow_alliance(),
+   `add_cow_majors()` = cow_ddy %>% add_cow_majors(),
+   `add_cow_mids(keep=NULL)` = cow_ddy %>% add_cow_mids(keep=NULL),
+   `add_cow_trade()` = cow_ddy %>% add_cow_trade(),
+   `add_cow_wars(type="inter")` = cow_ddy %>% add_cow_wars(type = "inter"),
+   `add_creg_fractionalization() [CoW]` = cow_ddy %>% add_creg_fractionalization(),
+   `add_creg_fractionalization() [G-W]` = gw_ddy %>% add_creg_fractionalization(),
+   `add_democracy() [CoW]` = cow_ddy %>% add_democracy(),
+   `add_democracy() [G-W]` = gw_ddy %>% add_democracy(),
+   `add_gml_mids(keep=NULL)` = cow_ddy %>% add_gml_mids(keep=NULL),
+   `add_gwcode_to_cow()` = cow_ddy %>% add_gwcode_to_cow(),
+   `add_igos()` = cow_ddy %>% add_igos(),
+   `add_minimum_distance() [CoW]` = cow_ddy %>% add_minimum_distance(),
+   `add_minimum_distance() [G-W]` = gw_ddy %>% add_minimum_distance(),
+   `add_nmc()` = cow_ddy %>% add_nmc(),
+   `add_peace_years() [CoW-MID]` = cow_ddy_cowmid %>% add_peace_years(),
+   `add_peace_years() [GML MID]` = cow_ddy_gmlmmid %>% add_peace_years(),
+   `add_rugged_terrain() [CoW]` = cow_ddy %>% add_rugged_terrain(),
+   `add_rugged_terrain() [G-W]` = gw_ddy %>% add_rugged_terrain(),
+   `add_sdp_gdp() [CoW]` = cow_ddy %>% add_sdp_gdp(),
+   `add_sdp_gdp() [G-W]` = gw_ddy %>% add_sdp_gdp(),
+   `add_strategic_rivalries()` = cow_ddy %>% add_strategic_rivalries(),
+   `filter_prd() [+ add_contiguity() + add_cow_majors()]` = cow_ddy %>% filter_prd(),
+   unit = "s",
+   times = 100)
Joining, by = c("ccode1", "ccode2", "year")
Joining, by = c("year", "dyad")
Joining, by = c("ccode1", "ccode2", "year")
Joining, by = c("ccode1", "ccode2", "year")
Joining, by = c("ccode1", "ccode2", "year")
Joining, by = c("ccode1", "ccode2", "year")
Joining, by = c("ccode1", "ccode2", "year")
Joining, by = c("ccode1", "ccode2", "year")
Joining, by = c("year", "dyad")
Joining, by = c("ccode1", "ccode2", "year")
Joining, by = c("year", "dyad")
Joining, by = c("ccode1", "ccode2", "year")
Joining, by = c("ccode1", "ccode2", "year")
Joining, by = c("year", "dyad")
Joining, by = c("ccode1", "ccode2", "year")
Joining, by = c("ccode1", "ccode2", "year")
Joining, by = c("ccode1", "ccode2", "year")
Joining, by = c("ccode1", "ccode2", "year")
Joining, by = c("ccode1", "year")
Joining, by = c("ccode2", "year")
Joining, by = c("ccode1", "year")
Joining, by = c("ccode2", "year")
Joining, by = c("ccode1", "ccode2", "year")
Joining, by = c("ccode1", "ccode2", "year")
Joining, by = c("year", "dyad")
Joining, by = c("ccode1", "ccode2", "year")
Joining, by = c("ccode1", "ccode2", "year")
Joining, by = c("year", "dyad")
Joining, by = c("ccode1", "ccode2", "year")
Joining, by = c("ccode1", "ccode2", "year")
Joining, by = c("year", "dyad")
Joining, by = c("year", "dyad")
Joining, by = c("ccode1", "ccode2", "year")
Joining, by = c("year", "dyad")
Joining, by = c("ccode1", "ccode2", "year")
Joining, by = c("ccode1", "ccode2", "year")
Joining, by = c("ccode1", "ccode2", "year")
Joining, by = c("gwcode1", "gwcode2", "year")
Joining, by = c("ccode1", "ccode2", "year")
Joining, by = c("ccode1", "ccode2", "year")
Joining, by = c("ccode1", "ccode2", "year")
Joining, by = c("ccode1", "ccode2", "year")
Joining, by = c("ccode1", "ccode2", "year")
Joining, by = c("ccode1", "ccode2", "year")
Joining, by = c("ccode1", "ccode2", "year")
Joining, by = c("ccode1", "ccode2", "year")
Joining, by = c("ccode1", "ccode2", "year")
Joining, by = c("ccode1", "ccode2", "year")
Joining, by = c("ccode1", "ccode2", "year")
Joining, by = c("ccode1", "ccode2", "year")
Joining, by = c("ccode1", "ccode2", "year")
Joining, by = c("ccode1", "ccode2", "year")
Joining, by = c("ccode1", "ccode2", "year")
Joining, by = c("ccode1", "ccode2", "year")
Joining, by = c("ccode1", "ccode2", "year")
Joining, by = c("ccode1", "ccode2", "year")
Joining, by = c("year", "dyad")
Joining, by = c("ccode1", "ccode2", "year")
Joining, by = c("year", "dyad")
Joining, by = c("gwcode1", "gwcode2", "year")
Joining, by = c("ccode1", "ccode2", "year")
Joining, by = c("ccode1", "ccode2", "year")
Joining, by = c("year", "dyad")
Joining, by = c("year", "dyad")
Joining, by = c("ccode1", "year")
Joining, by = c("ccode2", "year")
Joining, by = c("ccode1", "ccode2", "year")
Joining, by = c("ccode1", "ccode2", "year")
Joining, by = c("ccode1", "ccode2", "year")
Joining, by = c("ccode1", "ccode2", "year")
Joining, by = c("ccode1", "ccode2", "year")
Joining, by = c("gwcode1", "gwcode2", "year")
Joining, by = c("year", "dyad")
Joining, by = c("ccode1", "ccode2", "year")
Joining, by = c("ccode1", "ccode2", "year")
Joining, by = c("ccode1", "ccode2", "year")
Joining, by = c("year", "dyad")
Joining, by = c("ccode1", "ccode2", "year")
Joining, by = c("ccode1", "year")
Joining, by = c("ccode2", "year")
Joining, by = c("ccode1", "ccode2", "year")
Joining, by = c("ccode1", "ccode2", "year")
Joining, by = c("ccode1", "ccode2", "year")
Joining, by = c("ccode1", "ccode2", "year")
Joining, by = c("ccode1", "ccode2", "year")
Joining, by = c("ccode1", "year")
Joining, by = c("ccode2", "year")
Joining, by = c("ccode1", "ccode2", "year")
Joining, by = c("ccode1", "ccode2", "year")
Joining, by = c("ccode1", "ccode2", "year")
Joining, by = c("ccode1", "ccode2", "year")
Joining, by = c("gwcode1", "gwcode2", "year")
Joining, by = c("ccode1", "ccode2", "year")
Joining, by = c("year", "dyad")
Joining, by = c("ccode1", "ccode2", "year")
Joining, by = c("ccode1", "ccode2", "year")
Joining, by = c("ccode1", "year")
Joining, by = c("ccode2", "year")
Joining, by = c("gwcode1", "gwcode2", "year")
Joining, by = c("ccode1", "ccode2", "year")
Joining, by = c("ccode1", "ccode2", "year")
Joining, by = c("ccode1", "ccode2", "year")
Joining, by = c("year", "dyad")
Joining, by = c("year", "dyad")
Joining, by = c("ccode1", "ccode2", "year")
Joining, by = c("ccode1", "ccode2", "year")
Joining, by = c("ccode1", "ccode2", "year")
Joining, by = c("ccode1", "ccode2", "year")
Joining, by = c("ccode1", "ccode2", "year")
Joining, by = c("ccode1", "ccode2", "year")
Joining, by = c("ccode1", "ccode2", "year")
Joining, by = c("year", "dyad")
Joining, by = c("gwcode1", "gwcode2", "year")
Joining, by = c("ccode1", "ccode2", "year")
Joining, by = c("ccode1", "ccode2", "year")
Joining, by = c("ccode1", "ccode2", "year")
Joining, by = c("ccode1", "ccode2", "year")
Joining, by = c("ccode1", "ccode2", "year")
Joining, by = c("ccode1", "ccode2", "year")
Joining, by = c("ccode1", "ccode2", "year")
Joining, by = c("ccode1", "ccode2", "year")
Joining, by = c("ccode1", "ccode2", "year")
Joining, by = c("ccode1", "ccode2", "year")
Joining, by = c("gwcode1", "gwcode2", "year")
Joining, by = c("ccode1", "ccode2", "year")
Joining, by = c("ccode1", "year")
Joining, by = c("ccode2", "year")
Joining, by = c("ccode1", "ccode2", "year")
Joining, by = c("ccode1", "year")
Joining, by = c("ccode2", "year")
Joining, by = c("gwcode1", "gwcode2", "year")
Joining, by = c("ccode1", "ccode2", "year")
Joining, by = c("ccode1", "ccode2", "year")
Joining, by = c("ccode1", "ccode2", "year")
Joining, by = c("year", "dyad")
Joining, by = c("gwcode1", "gwcode2", "year")
Joining, by = c("ccode1", "ccode2", "year")
Joining, by = c("ccode1", "ccode2", "year")
Joining, by = c("ccode1", "year")
Joining, by = c("ccode2", "year")
Joining, by = c("ccode1", "ccode2", "year")
Joining, by = c("ccode1", "ccode2", "year")
Joining, by = c("gwcode1", "gwcode2", "year")
Joining, by = c("ccode1", "ccode2", "year")
Joining, by = c("ccode1", "ccode2", "year")
Joining, by = c("ccode1", "ccode2", "year")
Joining, by = c("gwcode1", "gwcode2", "year")
Joining, by = c("ccode1", "ccode2", "year")
Joining, by = c("ccode1", "ccode2", "year")
Joining, by = c("ccode1", "ccode2", "year")
Joining, by = c("ccode1", "ccode2", "year")
Joining, by = c("ccode1", "ccode2", "year")
Joining, by = c("ccode1", "ccode2", "year")
Joining, by = c("ccode1", "ccode2", "year")
Joining, by = c("gwcode1", "gwcode2", "year")
Joining, by = c("ccode1", "ccode2", "year")
Joining, by = c("gwcode1", "gwcode2", "year")
Joining, by = c("ccode1", "ccode2", "year")
Joining, by = c("ccode1", "year")
Joining, by = c("ccode2", "year")
Joining, by = c("ccode1", "ccode2", "year")
Joining, by = c("year", "dyad")
Joining, by = c("gwcode1", "gwcode2", "year")
Joining, by = c("ccode1", "ccode2", "year")
Joining, by = c("year", "dyad")
Joining, by = c("gwcode1", "gwcode2", "year")
Joining, by = c("ccode1", "ccode2", "year")
Joining, by = c("ccode1", "ccode2", "year")
Joining, by = c("ccode1", "ccode2", "year")
Joining, by = c("ccode1", "year")
Joining, by = c("ccode2", "year")
Joining, by = c("ccode1", "ccode2", "year")
Joining, by = c("ccode1", "year")
Joining, by = c("ccode2", "year")
Joining, by = c("ccode1", "ccode2", "year")
Joining, by = c("ccode1", "ccode2", "year")
Joining, by = c("ccode1", "ccode2", "year")
Joining, by = c("ccode1", "ccode2", "year")
Joining, by = c("year", "dyad")
Joining, by = c("ccode1", "ccode2", "year")
Joining, by = c("ccode1", "ccode2", "year")
Joining, by = c("ccode1", "ccode2", "year")
Joining, by = c("ccode1", "ccode2", "year")
Joining, by = c("ccode1", "ccode2", "year")
Joining, by = c("ccode1", "ccode2", "year")
Joining, by = c("ccode1", "ccode2", "year")
Joining, by = c("ccode1", "ccode2", "year")
Joining, by = c("ccode1", "ccode2", "year")
Joining, by = c("ccode1", "ccode2", "year")
Joining, by = c("year", "dyad")
Joining, by = c("ccode1", "ccode2", "year")
Joining, by = c("ccode1", "ccode2", "year")
Joining, by = c("ccode1", "ccode2", "year")
Joining, by = c("ccode1", "ccode2", "year")
Joining, by = c("ccode1", "ccode2", "year")
Joining, by = c("ccode1", "ccode2", "year")
Joining, by = c("ccode1", "ccode2", "year")
Joining, by = c("ccode1", "ccode2", "year")
Joining, by = c("ccode1", "ccode2", "year")
Joining, by = c("ccode1", "ccode2", "year")
Joining, by = c("ccode1", "ccode2", "year")
Joining, by = c("ccode1", "ccode2", "year")
Joining, by = c("ccode1", "ccode2", "year")
Joining, by = c("ccode1", "ccode2", "year")
Joining, by = c("ccode1", "ccode2", "year")
Joining, by = c("year", "dyad")
Joining, by = c("ccode1", "ccode2", "year")
Joining, by = c("ccode1", "ccode2", "year")
Joining, by = c("gwcode1", "gwcode2", "year")
Joining, by = c("ccode1", "ccode2", "year")
Joining, by = c("ccode1", "ccode2", "year")
Joining, by = c("ccode1", "ccode2", "year")
Joining, by = c("ccode1", "ccode2", "year")
Joining, by = c("ccode1", "ccode2", "year")
Joining, by = c("gwcode1", "gwcode2", "year")
Joining, by = c("ccode1", "ccode2", "year")
Joining, by = c("ccode1", "ccode2", "year")
Joining, by = c("ccode1", "year")
Joining, by = c("ccode2", "year")
Joining, by = c("ccode1", "ccode2", "year")
Joining, by = c("ccode1", "ccode2", "year")
Joining, by = c("ccode1", "ccode2", "year")
Joining, by = c("ccode1", "ccode2", "year")
Joining, by = c("ccode1", "ccode2", "year")
Joining, by = c("year", "dyad")
Joining, by = c("ccode1", "ccode2", "year")
Joining, by = c("ccode1", "ccode2", "year")
Joining, by = c("ccode1", "ccode2", "year")
Joining, by = c("year", "dyad")
Joining, by = c("ccode1", "ccode2", "year")
Joining, by = c("ccode1", "ccode2", "year")
Joining, by = c("ccode1", "ccode2", "year")
Joining, by = c("ccode1", "ccode2", "year")
Joining, by = c("ccode1", "year")
Joining, by = c("ccode2", "year")
Joining, by = c("ccode1", "ccode2", "year")
Joining, by = c("ccode1", "ccode2", "year")
Joining, by = c("ccode1", "ccode2", "year")
Joining, by = c("ccode1", "ccode2", "year")
Joining, by = c("gwcode1", "gwcode2", "year")
Joining, by = c("ccode1", "ccode2", "year")
Joining, by = c("ccode1", "ccode2", "year")
Joining, by = c("ccode1", "ccode2", "year")
Joining, by = c("ccode1", "ccode2", "year")
Joining, by = c("ccode1", "ccode2", "year")
Joining, by = c("gwcode1", "gwcode2", "year")
Joining, by = c("ccode1", "ccode2", "year")
Joining, by = c("ccode1", "ccode2", "year")
Joining, by = c("ccode1", "ccode2", "year")
Joining, by = c("ccode1", "ccode2", "year")
Joining, by = c("year", "dyad")
Joining, by = c("ccode1", "ccode2", "year")
Joining, by = c("ccode1", "ccode2", "year")
Joining, by = c("year", "dyad")
Joining, by = c("ccode1", "ccode2", "year")
Joining, by = c("ccode1", "year")
Joining, by = c("ccode2", "year")
Joining, by = c("year", "dyad")
Joining, by = c("ccode1", "ccode2", "year")
Joining, by = c("ccode1", "ccode2", "year")
Joining, by = c("ccode1", "ccode2", "year")
Joining, by = c("ccode1", "ccode2", "year")
Joining, by = c("ccode1", "ccode2", "year")
Joining, by = c("ccode1", "ccode2", "year")
Joining, by = c("ccode1", "ccode2", "year")
Joining, by = c("ccode1", "ccode2", "year")
Joining, by = c("ccode1", "ccode2", "year")
Joining, by = c("ccode1", "ccode2", "year")
Joining, by = c("ccode1", "ccode2", "year")
Joining, by = c("ccode1", "ccode2", "year")
Joining, by = c("ccode1", "ccode2", "year")
Joining, by = c("ccode1", "ccode2", "year")
Joining, by = c("ccode1", "ccode2", "year")
Joining, by = c("year", "dyad")
Joining, by = c("ccode1", "ccode2", "year")
Joining, by = c("year", "dyad")
Joining, by = c("ccode1", "ccode2", "year")
Joining, by = c("ccode1", "ccode2", "year")
Joining, by = c("gwcode1", "gwcode2", "year")
Joining, by = c("ccode1", "ccode2", "year")
Joining, by = c("ccode1", "ccode2", "year")
Joining, by = c("gwcode1", "gwcode2", "year")
Joining, by = c("ccode1", "ccode2", "year")
Joining, by = c("ccode1", "ccode2", "year")
Joining, by = c("ccode1", "ccode2", "year")
Joining, by = c("ccode1", "ccode2", "year")
Joining, by = c("year", "dyad")
Joining, by = c("ccode1", "ccode2", "year")
Joining, by = c("ccode1", "ccode2", "year")
Joining, by = c("gwcode1", "gwcode2", "year")
Joining, by = c("ccode1", "ccode2", "year")
Joining, by = c("ccode1", "ccode2", "year")
Joining, by = c("ccode1", "ccode2", "year")
Joining, by = c("gwcode1", "gwcode2", "year")
Joining, by = c("ccode1", "ccode2", "year")
Joining, by = c("ccode1", "ccode2", "year")
Joining, by = c("ccode1", "ccode2", "year")
Joining, by = c("ccode1", "ccode2", "year")
Joining, by = c("ccode1", "year")
Joining, by = c("ccode2", "year")
Joining, by = c("ccode1", "ccode2", "year")
Joining, by = c("ccode1", "ccode2", "year")
Joining, by = c("year", "dyad")
Joining, by = c("ccode1", "ccode2", "year")
Joining, by = c("ccode1", "ccode2", "year")
Joining, by = c("ccode1", "ccode2", "year")
Joining, by = c("year", "dyad")
Joining, by = c("ccode1", "ccode2", "year")
Joining, by = c("ccode1", "ccode2", "year")
Joining, by = c("ccode1", "ccode2", "year")
Joining, by = c("ccode1", "ccode2", "year")
Joining, by = c("ccode1", "ccode2", "year")
Joining, by = c("ccode1", "ccode2", "year")
Joining, by = c("gwcode1", "gwcode2", "year")
Joining, by = c("ccode1", "ccode2", "year")
Joining, by = c("ccode1", "ccode2", "year")
Joining, by = c("ccode1", "ccode2", "year")
Joining, by = c("ccode1", "year")
Joining, by = c("ccode2", "year")
Joining, by = c("ccode1", "ccode2", "year")
Joining, by = c("gwcode1", "gwcode2", "year")
Joining, by = c("ccode1", "ccode2", "year")
Joining, by = c("ccode1", "year")
Joining, by = c("ccode2", "year")
Joining, by = c("ccode1", "ccode2", "year")
Joining, by = c("ccode1", "ccode2", "year")
Joining, by = c("year", "dyad")
Joining, by = c("ccode1", "ccode2", "year")
Joining, by = c("ccode1", "ccode2", "year")
Joining, by = c("ccode1", "ccode2", "year")
Joining, by = c("ccode1", "ccode2", "year")
Joining, by = c("ccode1", "ccode2", "year")
Joining, by = c("ccode1", "ccode2", "year")
Joining, by = c("ccode1", "ccode2", "year")
Joining, by = c("year", "dyad")
Joining, by = c("ccode1", "ccode2", "year")
Joining, by = c("ccode1", "ccode2", "year")
Joining, by = c("ccode1", "ccode2", "year")
Joining, by = c("year", "dyad")
Joining, by = c("ccode1", "ccode2", "year")
Joining, by = c("ccode1", "ccode2", "year")
Joining, by = c("ccode1", "ccode2", "year")
Joining, by = c("ccode1", "ccode2", "year")
Joining, by = c("ccode1", "ccode2", "year")
Joining, by = c("ccode1", "year")
Joining, by = c("ccode2", "year")
Joining, by = c("gwcode1", "gwcode2", "year")
Joining, by = c("ccode1", "ccode2", "year")
Joining, by = c("ccode1", "ccode2", "year")
Joining, by = c("ccode1", "ccode2", "year")
Joining, by = c("ccode1", "ccode2", "year")
Joining, by = c("gwcode1", "gwcode2", "year")
Joining, by = c("year", "dyad")
Joining, by = c("ccode1", "ccode2", "year")
Joining, by = c("ccode1", "year")
Joining, by = c("ccode2", "year")
Joining, by = c("year", "dyad")
Joining, by = c("ccode1", "ccode2", "year")
Joining, by = c("gwcode1", "gwcode2", "year")
Joining, by = c("ccode1", "ccode2", "year")
Joining, by = c("ccode1", "ccode2", "year")
Joining, by = c("ccode1", "ccode2", "year")
Joining, by = c("ccode1", "ccode2", "year")
Joining, by = c("ccode1", "ccode2", "year")
Joining, by = c("year", "dyad")
Joining, by = c("gwcode1", "gwcode2", "year")
Joining, by = c("ccode1", "ccode2", "year")
Joining, by = c("gwcode1", "gwcode2", "year")
Joining, by = c("year", "dyad")
Joining, by = c("ccode1", "year")
Joining, by = c("ccode2", "year")
Joining, by = c("ccode1", "ccode2", "year")
Joining, by = c("ccode1", "year")
Joining, by = c("ccode2", "year")
Joining, by = c("gwcode1", "gwcode2", "year")
Joining, by = c("ccode1", "ccode2", "year")
Joining, by = c("ccode1", "ccode2", "year")
Joining, by = c("ccode1", "year")
Joining, by = c("ccode2", "year")
Joining, by = c("ccode1", "ccode2", "year")
Joining, by = c("ccode1", "ccode2", "year")
Joining, by = c("ccode1", "ccode2", "year")
Joining, by = c("ccode1", "ccode2", "year")
Joining, by = c("ccode1", "ccode2", "year")
Joining, by = c("ccode1", "ccode2", "year")
Joining, by = c("ccode1", "ccode2", "year")
Joining, by = c("year", "dyad")
Joining, by = c("ccode1", "year")
Joining, by = c("ccode2", "year")
Joining, by = c("year", "dyad")
Joining, by = c("ccode1", "ccode2", "year")
Joining, by = c("ccode1", "ccode2", "year")
Joining, by = c("ccode1", "ccode2", "year")
Joining, by = c("ccode1", "ccode2", "year")
Joining, by = c("ccode1", "ccode2", "year")
Joining, by = c("ccode1", "ccode2", "year")
Joining, by = c("ccode1", "ccode2", "year")
Joining, by = c("year", "dyad")
Joining, by = c("ccode1", "ccode2", "year")
Joining, by = c("gwcode1", "gwcode2", "year")
Joining, by = c("year", "dyad")
Joining, by = c("ccode1", "ccode2", "year")
Joining, by = c("ccode1", "ccode2", "year")
Joining, by = c("ccode1", "ccode2", "year")
Joining, by = c("ccode1", "ccode2", "year")
Joining, by = c("ccode1", "ccode2", "year")
Joining, by = c("ccode1", "ccode2", "year")
Joining, by = c("gwcode1", "gwcode2", "year")
Joining, by = c("ccode1", "ccode2", "year")
Joining, by = c("ccode1", "ccode2", "year")
Joining, by = c("ccode1", "ccode2", "year")
Joining, by = c("gwcode1", "gwcode2", "year")
Joining, by = c("ccode1", "ccode2", "year")
Joining, by = c("ccode1", "year")
Joining, by = c("ccode2", "year")
Joining, by = c("ccode1", "year")
Joining, by = c("ccode2", "year")
Joining, by = c("ccode1", "ccode2", "year")
Joining, by = c("year", "dyad")
Joining, by = c("ccode1", "ccode2", "year")
Joining, by = c("ccode1", "ccode2", "year")
Joining, by = c("ccode1", "ccode2", "year")
Joining, by = c("ccode1", "ccode2", "year")
Joining, by = c("ccode1", "ccode2", "year")
Joining, by = c("ccode1", "ccode2", "year")
Joining, by = c("gwcode1", "gwcode2", "year")
Joining, by = c("year", "dyad")
Joining, by = c("ccode1", "ccode2", "year")
Joining, by = c("ccode1", "ccode2", "year")
Joining, by = c("year", "dyad")
Joining, by = c("ccode1", "ccode2", "year")
Joining, by = c("ccode1", "year")
Joining, by = c("ccode2", "year")
Joining, by = c("ccode1", "ccode2", "year")
Joining, by = c("ccode1", "ccode2", "year")
Joining, by = c("ccode1", "ccode2", "year")
Joining, by = c("ccode1", "ccode2", "year")
Joining, by = c("year", "dyad")
Joining, by = c("gwcode1", "gwcode2", "year")
Joining, by = c("ccode1", "ccode2", "year")
Joining, by = c("ccode1", "ccode2", "year")
Joining, by = c("ccode1", "ccode2", "year")
Joining, by = c("ccode1", "ccode2", "year")
Joining, by = c("ccode1", "ccode2", "year")
Joining, by = c("ccode1", "ccode2", "year")
Joining, by = c("ccode1", "ccode2", "year")
Joining, by = c("year", "dyad")
Joining, by = c("ccode1", "ccode2", "year")
Joining, by = c("ccode1", "ccode2", "year")
Joining, by = c("year", "dyad")
Joining, by = c("ccode1", "ccode2", "year")
Joining, by = c("year", "dyad")
Joining, by = c("year", "dyad")
Joining, by = c("ccode1", "ccode2", "year")
Joining, by = c("ccode1", "ccode2", "year")
Joining, by = c("year", "dyad")
Joining, by = c("ccode1", "ccode2", "year")
Joining, by = c("ccode1", "ccode2", "year")
Joining, by = c("gwcode1", "gwcode2", "year")
Joining, by = c("ccode1", "ccode2", "year")
Joining, by = c("ccode1", "ccode2", "year")
Joining, by = c("gwcode1", "gwcode2", "year")
Joining, by = c("ccode1", "ccode2", "year")
Joining, by = c("ccode1", "ccode2", "year")
Joining, by = c("ccode1", "ccode2", "year")
Joining, by = c("ccode1", "ccode2", "year")
Joining, by = c("year", "dyad")
Joining, by = c("ccode1", "year")
Joining, by = c("ccode2", "year")
Joining, by = c("ccode1", "ccode2", "year")
Joining, by = c("year", "dyad")
Joining, by = c("gwcode1", "gwcode2", "year")
Joining, by = c("ccode1", "ccode2", "year")
Joining, by = c("ccode1", "ccode2", "year")
Joining, by = c("ccode1", "ccode2", "year")
Joining, by = c("ccode1", "ccode2", "year")
Joining, by = c("ccode1", "ccode2", "year")
Joining, by = c("ccode1", "ccode2", "year")
Joining, by = c("ccode1", "ccode2", "year")
Joining, by = c("ccode1", "ccode2", "year")
Joining, by = c("gwcode1", "gwcode2", "year")
Joining, by = c("ccode1", "ccode2", "year")
Joining, by = c("ccode1", "ccode2", "year")
Joining, by = c("year", "dyad")
Joining, by = c("ccode1", "ccode2", "year")
Joining, by = c("ccode1", "ccode2", "year")
Joining, by = c("ccode1", "ccode2", "year")
Joining, by = c("ccode1", "ccode2", "year")
Joining, by = c("ccode1", "ccode2", "year")
Joining, by = c("year", "dyad")
Joining, by = c("ccode1", "ccode2", "year")
Joining, by = c("ccode1", "ccode2", "year")
Joining, by = c("ccode1", "ccode2", "year")
Joining, by = c("ccode1", "year")
Joining, by = c("ccode2", "year")
Joining, by = c("ccode1", "ccode2", "year")
Joining, by = c("ccode1", "ccode2", "year")
Joining, by = c("year", "dyad")
Joining, by = c("ccode1", "ccode2", "year")
Joining, by = c("ccode1", "ccode2", "year")
Joining, by = c("year", "dyad")
Joining, by = c("ccode1", "ccode2", "year")
Joining, by = c("gwcode1", "gwcode2", "year")
Joining, by = c("ccode1", "ccode2", "year")
Joining, by = c("ccode1", "ccode2", "year")
Joining, by = c("ccode1", "ccode2", "year")
Joining, by = c("ccode1", "ccode2", "year")
Joining, by = c("ccode1", "ccode2", "year")
Joining, by = c("year", "dyad")
Joining, by = c("ccode1", "ccode2", "year")
Joining, by = c("ccode1", "ccode2", "year")
Joining, by = c("ccode1", "ccode2", "year")
Joining, by = c("year", "dyad")
Joining, by = c("ccode1", "ccode2", "year")
Joining, by = c("ccode1", "ccode2", "year")
Joining, by = c("ccode1", "ccode2", "year")
Joining, by = c("ccode1", "ccode2", "year")
Joining, by = c("ccode1", "ccode2", "year")
Joining, by = c("ccode1", "ccode2", "year")
Joining, by = c("year", "dyad")
Joining, by = c("ccode1", "ccode2", "year")
Joining, by = c("ccode1", "ccode2", "year")
Joining, by = c("ccode1", "ccode2", "year")
Joining, by = c("ccode1", "year")
Joining, by = c("ccode2", "year")
Joining, by = c("ccode1", "ccode2", "year")
Joining, by = c("ccode1", "ccode2", "year")
Joining, by = c("ccode1", "ccode2", "year")
Joining, by = c("ccode1", "ccode2", "year")
Joining, by = c("ccode1", "ccode2", "year")
Joining, by = c("ccode1", "year")
Joining, by = c("ccode2", "year")
Joining, by = c("year", "dyad")
Joining, by = c("ccode1", "ccode2", "year")
Joining, by = c("ccode1", "ccode2", "year")
Joining, by = c("ccode1", "ccode2", "year")
Joining, by = c("ccode1", "ccode2", "year")
Joining, by = c("ccode1", "year")
Joining, by = c("ccode2", "year")
Joining, by = c("ccode1", "ccode2", "year")
Joining, by = c("ccode1", "ccode2", "year")
Joining, by = c("ccode1", "ccode2", "year")
Joining, by = c("ccode1", "ccode2", "year")
Joining, by = c("year", "dyad")
Joining, by = c("year", "dyad")
Joining, by = c("ccode1", "ccode2", "year")
Joining, by = c("ccode1", "ccode2", "year")
Joining, by = c("year", "dyad")
Joining, by = c("ccode1", "ccode2", "year")
Joining, by = c("ccode1", "ccode2", "year")
Joining, by = c("ccode1", "ccode2", "year")
Joining, by = c("ccode1", "ccode2", "year")
Joining, by = c("ccode1", "ccode2", "year")
Joining, by = c("gwcode1", "gwcode2", "year")
Joining, by = c("ccode1", "ccode2", "year")
Joining, by = c("ccode1", "ccode2", "year")
Joining, by = c("ccode1", "ccode2", "year")
Joining, by = c("ccode1", "year")
Joining, by = c("ccode2", "year")
Joining, by = c("ccode1", "ccode2", "year")
Joining, by = c("ccode1", "ccode2", "year")
Joining, by = c("ccode1", "ccode2", "year")
Joining, by = c("ccode1", "ccode2", "year")
Joining, by = c("ccode1", "ccode2", "year")
Joining, by = c("gwcode1", "gwcode2", "year")
Joining, by = c("ccode1", "ccode2", "year")
Joining, by = c("ccode1", "ccode2", "year")
Joining, by = c("ccode1", "ccode2", "year")
Joining, by = c("year", "dyad")
Joining, by = c("ccode1", "ccode2", "year")
Joining, by = c("ccode1", "ccode2", "year")
Joining, by = c("ccode1", "ccode2", "year")
Joining, by = c("ccode1", "ccode2", "year")
Joining, by = c("ccode1", "ccode2", "year")
Joining, by = c("ccode1", "ccode2", "year")
Joining, by = c("ccode1", "ccode2", "year")
Joining, by = c("ccode1", "ccode2", "year")
Joining, by = c("year", "dyad")
Joining, by = c("ccode1", "ccode2", "year")
Joining, by = c("ccode1", "ccode2", "year")
Joining, by = c("ccode1", "ccode2", "year")
Joining, by = c("ccode1", "ccode2", "year")
Joining, by = c("gwcode1", "gwcode2", "year")
Joining, by = c("ccode1", "ccode2", "year")
Joining, by = c("ccode1", "ccode2", "year")
Joining, by = c("ccode1", "year")
Joining, by = c("ccode2", "year")
Joining, by = c("ccode1", "ccode2", "year")
Joining, by = c("ccode1", "ccode2", "year")
Joining, by = c("year", "dyad")
Joining, by = c("ccode1", "year")
Joining, by = c("ccode2", "year")
Joining, by = c("ccode1", "ccode2", "year")
Joining, by = c("ccode1", "year")
Joining, by = c("ccode2", "year")
Joining, by = c("ccode1", "ccode2", "year")
Joining, by = c("ccode1", "ccode2", "year")
Joining, by = c("year", "dyad")
Joining, by = c("ccode1", "ccode2", "year")
Joining, by = c("ccode1", "ccode2", "year")
Joining, by = c("ccode1", "ccode2", "year")
Joining, by = c("gwcode1", "gwcode2", "year")
Joining, by = c("ccode1", "ccode2", "year")
Joining, by = c("ccode1", "ccode2", "year")
Joining, by = c("ccode1", "ccode2", "year")
Joining, by = c("ccode1", "ccode2", "year")
Joining, by = c("ccode1", "ccode2", "year")
Joining, by = c("ccode1", "ccode2", "year")
Joining, by = c("ccode1", "ccode2", "year")
Joining, by = c("ccode1", "ccode2", "year")
Joining, by = c("ccode1", "ccode2", "year")
Joining, by = c("year", "dyad")
Joining, by = c("ccode1", "ccode2", "year")
Joining, by = c("gwcode1", "gwcode2", "year")
Joining, by = c("ccode1", "ccode2", "year")
Joining, by = c("gwcode1", "gwcode2", "year")
Joining, by = c("ccode1", "ccode2", "year")
Joining, by = c("ccode1", "ccode2", "year")
Joining, by = c("ccode1", "ccode2", "year")
Joining, by = c("ccode1", "ccode2", "year")
Joining, by = c("ccode1", "ccode2", "year")
Joining, by = c("ccode1", "ccode2", "year")
Joining, by = c("ccode1", "ccode2", "year")
Joining, by = c("ccode1", "ccode2", "year")
Joining, by = c("year", "dyad")
Joining, by = c("ccode1", "ccode2", "year")
Joining, by = c("ccode1", "ccode2", "year")
Joining, by = c("year", "dyad")
Joining, by = c("ccode1", "ccode2", "year")
Joining, by = c("ccode1", "ccode2", "year")
Joining, by = c("ccode1", "ccode2", "year")
Joining, by = c("ccode1", "ccode2", "year")
Joining, by = c("ccode1", "ccode2", "year")
Joining, by = c("ccode1", "ccode2", "year")
Joining, by = c("year", "dyad")
Joining, by = c("ccode1", "ccode2", "year")
Joining, by = c("ccode1", "ccode2", "year")
Joining, by = c("ccode1", "ccode2", "year")
Joining, by = c("year", "dyad")
Joining, by = c("ccode1", "ccode2", "year")
Joining, by = c("ccode1", "ccode2", "year")
Joining, by = c("ccode1", "ccode2", "year")
Joining, by = c("gwcode1", "gwcode2", "year")
Joining, by = c("ccode1", "ccode2", "year")
Joining, by = c("ccode1", "ccode2", "year")
Joining, by = c("ccode1", "ccode2", "year")
Joining, by = c("ccode1", "ccode2", "year")
Joining, by = c("ccode1", "year")
Joining, by = c("ccode2", "year")
Joining, by = c("ccode1", "ccode2", "year")
Joining, by = c("ccode1", "ccode2", "year")
Joining, by = c("ccode1", "year")
Joining, by = c("ccode2", "year")
Joining, by = c("ccode1", "ccode2", "year")
Joining, by = c("ccode1", "ccode2", "year")
Joining, by = c("ccode1", "ccode2", "year")
Joining, by = c("ccode1", "ccode2", "year")
Joining, by = c("year", "dyad")
Joining, by = c("ccode1", "ccode2", "year")
Joining, by = c("ccode1", "ccode2", "year")
Joining, by = c("year", "dyad")
Joining, by = c("ccode1", "year")
Joining, by = c("ccode2", "year")
Joining, by = c("ccode1", "ccode2", "year")
Joining, by = c("ccode1", "ccode2", "year")
Joining, by = c("ccode1", "ccode2", "year")
Joining, by = c("ccode1", "ccode2", "year")
Joining, by = c("ccode1", "ccode2", "year")
Joining, by = c("year", "dyad")
Joining, by = c("gwcode1", "gwcode2", "year")
Joining, by = c("ccode1", "ccode2", "year")
Joining, by = c("ccode1", "ccode2", "year")
Joining, by = c("ccode1", "ccode2", "year")
Joining, by = c("ccode1", "ccode2", "year")
Joining, by = c("ccode1", "ccode2", "year")
Joining, by = c("ccode1", "ccode2", "year")
Joining, by = c("ccode1", "ccode2", "year")
Joining, by = c("ccode1", "ccode2", "year")
Joining, by = c("ccode1", "ccode2", "year")
Joining, by = c("ccode1", "ccode2", "year")
Joining, by = c("ccode1", "year")
Joining, by = c("ccode2", "year")
Joining, by = c("ccode1", "ccode2", "year")
Joining, by = c("ccode1", "ccode2", "year")
Joining, by = c("ccode1", "ccode2", "year")
Joining, by = c("ccode1", "ccode2", "year")
Joining, by = c("ccode1", "ccode2", "year")
Joining, by = c("ccode1", "ccode2", "year")
Joining, by = c("ccode1", "ccode2", "year")
Joining, by = c("year", "dyad")
Joining, by = c("ccode1", "ccode2", "year")
Joining, by = c("ccode1", "ccode2", "year")
Joining, by = c("ccode1", "ccode2", "year")
Joining, by = c("ccode1", "ccode2", "year")
Joining, by = c("gwcode1", "gwcode2", "year")
Joining, by = c("ccode1", "ccode2", "year")
Joining, by = c("ccode1", "ccode2", "year")
Joining, by = c("ccode1", "ccode2", "year")
Joining, by = c("ccode1", "ccode2", "year")
Joining, by = c("year", "dyad")
Joining, by = c("ccode1", "ccode2", "year")
Joining, by = c("ccode1", "ccode2", "year")
Joining, by = c("ccode1", "ccode2", "year")
Joining, by = c("ccode1", "ccode2", "year")
Joining, by = c("ccode1", "ccode2", "year")
Joining, by = c("ccode1", "year")
Joining, by = c("ccode2", "year")
Joining, by = c("ccode1", "ccode2", "year")
Joining, by = c("ccode1", "ccode2", "year")
Joining, by = c("ccode1", "ccode2", "year")
Joining, by = c("ccode1", "ccode2", "year")
Joining, by = c("ccode1", "ccode2", "year")
Joining, by = c("gwcode1", "gwcode2", "year")
Joining, by = c("ccode1", "ccode2", "year")
Joining, by = c("ccode1", "ccode2", "year")
Joining, by = c("ccode1", "ccode2", "year")
Joining, by = c("ccode1", "ccode2", "year")
Joining, by = c("ccode1", "ccode2", "year")
Joining, by = c("ccode1", "ccode2", "year")
Joining, by = c("ccode1", "ccode2", "year")
Joining, by = c("ccode1", "ccode2", "year")
Joining, by = c("ccode1", "ccode2", "year")
Joining, by = c("ccode1", "ccode2", "year")
Joining, by = c("ccode1", "ccode2", "year")
Joining, by = c("ccode1", "ccode2", "year")
Joining, by = c("year", "dyad")
Joining, by = c("ccode1", "year")
Joining, by = c("ccode2", "year")
Joining, by = c("ccode1", "ccode2", "year")
Joining, by = c("ccode1", "ccode2", "year")
Joining, by = c("year", "dyad")
Joining, by = c("ccode1", "ccode2", "year")
Joining, by = c("ccode1", "ccode2", "year")
Joining, by = c("ccode1", "year")
Joining, by = c("ccode2", "year")
Joining, by = c("ccode1", "ccode2", "year")
Joining, by = c("ccode1", "ccode2", "year")
Joining, by = c("ccode1", "ccode2", "year")
Joining, by = c("ccode1", "ccode2", "year")
Joining, by = c("ccode1", "ccode2", "year")
Joining, by = c("ccode1", "ccode2", "year")
Joining, by = c("ccode1", "year")
Joining, by = c("ccode2", "year")
Joining, by = c("gwcode1", "gwcode2", "year")
Joining, by = c("ccode1", "ccode2", "year")
Joining, by = c("ccode1", "ccode2", "year")
Joining, by = c("year", "dyad")
Joining, by = c("year", "dyad")
Joining, by = c("ccode1", "ccode2", "year")
Joining, by = c("ccode1", "ccode2", "year")
Joining, by = c("ccode1", "year")
Joining, by = c("ccode2", "year")
Joining, by = c("ccode1", "ccode2", "year")
Joining, by = c("year", "dyad")
Joining, by = c("ccode1", "ccode2", "year")
Joining, by = c("ccode1", "ccode2", "year")
Joining, by = c("ccode1", "ccode2", "year")
Joining, by = c("ccode1", "ccode2", "year")
Joining, by = c("ccode1", "ccode2", "year")
Joining, by = c("ccode1", "ccode2", "year")
Joining, by = c("ccode1", "ccode2", "year")
Joining, by = c("ccode1", "ccode2", "year")
Joining, by = c("ccode1", "ccode2", "year")
Joining, by = c("ccode1", "ccode2", "year")
Joining, by = c("year", "dyad")
Joining, by = c("ccode1", "ccode2", "year")
Joining, by = c("ccode1", "ccode2", "year")
Joining, by = c("ccode1", "year")
Joining, by = c("ccode2", "year")
Joining, by = c("ccode1", "ccode2", "year")
Joining, by = c("ccode1", "ccode2", "year")
Joining, by = c("year", "dyad")
Joining, by = c("ccode1", "ccode2", "year")
Joining, by = c("gwcode1", "gwcode2", "year")
Joining, by = c("ccode1", "ccode2", "year")
Joining, by = c("ccode1", "ccode2", "year")
Joining, by = c("ccode1", "ccode2", "year")
Joining, by = c("ccode1", "ccode2", "year")
Joining, by = c("ccode1", "ccode2", "year")
Joining, by = c("year", "dyad")
Joining, by = c("year", "dyad")
Joining, by = c("ccode1", "ccode2", "year")
Joining, by = c("ccode1", "ccode2", "year")
Joining, by = c("ccode1", "ccode2", "year")
Joining, by = c("ccode1", "ccode2", "year")
Joining, by = c("ccode1", "ccode2", "year")
Joining, by = c("ccode1", "ccode2", "year")
Joining, by = c("year", "dyad")
Joining, by = c("ccode1", "ccode2", "year")
Joining, by = c("ccode1", "year")
Joining, by = c("ccode2", "year")
Joining, by = c("ccode1", "ccode2", "year")
Joining, by = c("ccode1", "ccode2", "year")
Joining, by = c("year", "dyad")
Joining, by = c("ccode1", "ccode2", "year")
Joining, by = c("ccode1", "ccode2", "year")
Joining, by = c("year", "dyad")
Joining, by = c("year", "dyad")
Joining, by = c("gwcode1", "gwcode2", "year")
Joining, by = c("gwcode1", "gwcode2", "year")
Joining, by = c("ccode1", "ccode2", "year")
Joining, by = c("gwcode1", "gwcode2", "year")
Joining, by = c("ccode1", "ccode2", "year")
Joining, by = c("ccode1", "ccode2", "year")
Joining, by = c("ccode1", "ccode2", "year")
Joining, by = c("ccode1", "ccode2", "year")
Joining, by = c("ccode1", "ccode2", "year")
Joining, by = c("ccode1", "ccode2", "year")
Joining, by = c("ccode1", "ccode2", "year")
Joining, by = c("ccode1", "ccode2", "year")
Joining, by = c("ccode1", "ccode2", "year")
Joining, by = c("ccode1", "ccode2", "year")
Joining, by = c("ccode1", "year")
Joining, by = c("ccode2", "year")
Joining, by = c("ccode1", "ccode2", "year")
Joining, by = c("ccode1", "ccode2", "year")
Joining, by = c("ccode1", "ccode2", "year")
Joining, by = c("ccode1", "year")
Joining, by = c("ccode2", "year")
Joining, by = c("year", "dyad")
Joining, by = c("ccode1", "ccode2", "year")
Joining, by = c("ccode1", "ccode2", "year")
Joining, by = c("gwcode1", "gwcode2", "year")
Joining, by = c("ccode1", "ccode2", "year")
Joining, by = c("year", "dyad")
Joining, by = c("ccode1", "ccode2", "year")
Joining, by = c("ccode1", "ccode2", "year")
Joining, by = c("ccode1", "ccode2", "year")
Joining, by = c("ccode1", "ccode2", "year")
Joining, by = c("ccode1", "ccode2", "year")
Joining, by = c("ccode1", "ccode2", "year")
Joining, by = c("ccode1", "ccode2", "year")
Joining, by = c("ccode1", "year")
Joining, by = c("ccode2", "year")
Joining, by = c("ccode1", "ccode2", "year")
Joining, by = c("ccode1", "ccode2", "year")
Joining, by = c("year", "dyad")
Joining, by = c("year", "dyad")
Joining, by = c("ccode1", "ccode2", "year")
Joining, by = c("ccode1", "ccode2", "year")
Joining, by = c("ccode1", "ccode2", "year")
Joining, by = c("ccode1", "ccode2", "year")
Joining, by = c("year", "dyad")
Joining, by = c("ccode1", "ccode2", "year")
Joining, by = c("ccode1", "year")
Joining, by = c("ccode2", "year")
Joining, by = c("ccode1", "ccode2", "year")
Joining, by = c("ccode1", "ccode2", "year")
Joining, by = c("ccode1", "year")
Joining, by = c("ccode2", "year")
Joining, by = c("year", "dyad")
Joining, by = c("gwcode1", "gwcode2", "year")
Joining, by = c("ccode1", "ccode2", "year")
Joining, by = c("ccode1", "ccode2", "year")
Joining, by = c("ccode1", "ccode2", "year")
Joining, by = c("ccode1", "ccode2", "year")
Joining, by = c("ccode1", "ccode2", "year")
Joining, by = c("ccode1", "ccode2", "year")
Joining, by = c("year", "dyad")
Joining, by = c("ccode1", "ccode2", "year")
Joining, by = c("ccode1", "year")
Joining, by = c("ccode2", "year")
Joining, by = c("ccode1", "ccode2", "year")
Joining, by = c("ccode1", "ccode2", "year")
Joining, by = c("ccode1", "ccode2", "year")
Joining, by = c("ccode1", "ccode2", "year")
Joining, by = c("ccode1", "ccode2", "year")
Joining, by = c("ccode1", "ccode2", "year")
Joining, by = c("ccode1", "ccode2", "year")
Joining, by = c("gwcode1", "gwcode2", "year")
Joining, by = c("gwcode1", "gwcode2", "year")
Joining, by = c("ccode1", "ccode2", "year")
Joining, by = c("ccode1", "ccode2", "year")
Joining, by = c("gwcode1", "gwcode2", "year")
Joining, by = c("year", "dyad")
Joining, by = c("ccode1", "ccode2", "year")
Joining, by = c("year", "dyad")
Joining, by = c("ccode1", "ccode2", "year")
Joining, by = c("gwcode1", "gwcode2", "year")
Joining, by = c("year", "dyad")
Joining, by = c("ccode1", "ccode2", "year")
Joining, by = c("ccode1", "ccode2", "year")
Joining, by = c("ccode1", "ccode2", "year")
Joining, by = c("ccode1", "ccode2", "year")
Joining, by = c("ccode1", "ccode2", "year")
Joining, by = c("ccode1", "ccode2", "year")
Joining, by = c("ccode1", "ccode2", "year")
Joining, by = c("ccode1", "year")
Joining, by = c("ccode2", "year")
Joining, by = c("ccode1", "ccode2", "year")
Joining, by = c("ccode1", "ccode2", "year")
Joining, by = c("ccode1", "ccode2", "year")
Joining, by = c("ccode1", "ccode2", "year")
Joining, by = c("ccode1", "ccode2", "year")
Joining, by = c("year", "dyad")
Joining, by = c("ccode1", "ccode2", "year")
Joining, by = c("ccode1", "ccode2", "year")
Joining, by = c("ccode1", "ccode2", "year")
Joining, by = c("ccode1", "year")
Joining, by = c("ccode2", "year")
Joining, by = c("ccode1", "ccode2", "year")
Joining, by = c("year", "dyad")
Joining, by = c("ccode1", "ccode2", "year")
Joining, by = c("ccode1", "ccode2", "year")
Joining, by = c("year", "dyad")
Joining, by = c("ccode1", "ccode2", "year")
Joining, by = c("ccode1", "ccode2", "year")
Joining, by = c("ccode1", "ccode2", "year")
Joining, by = c("ccode1", "ccode2", "year")
Joining, by = c("gwcode1", "gwcode2", "year")
Joining, by = c("ccode1", "ccode2", "year")
Joining, by = c("ccode1", "year")
Joining, by = c("ccode2", "year")
Joining, by = c("ccode1", "ccode2", "year")
Joining, by = c("gwcode1", "gwcode2", "year")
Joining, by = c("ccode1", "year")
Joining, by = c("ccode2", "year")
Joining, by = c("gwcode1", "gwcode2", "year")
Joining, by = c("gwcode1", "gwcode2", "year")
Joining, by = c("ccode1", "ccode2", "year")
Joining, by = c("ccode1", "ccode2", "year")
Joining, by = c("ccode1", "ccode2", "year")
Joining, by = c("year", "dyad")
Joining, by = c("ccode1", "ccode2", "year")
Joining, by = c("ccode1", "ccode2", "year")
Joining, by = c("ccode1", "ccode2", "year")
Joining, by = c("ccode1", "ccode2", "year")
Joining, by = c("ccode1", "ccode2", "year")
Joining, by = c("year", "dyad")
Joining, by = c("gwcode1", "gwcode2", "year")
Joining, by = c("ccode1", "ccode2", "year")
Joining, by = c("ccode1", "ccode2", "year")
Joining, by = c("ccode1", "ccode2", "year")
Joining, by = c("ccode1", "ccode2", "year")
Joining, by = c("ccode1", "ccode2", "year")
Joining, by = c("ccode1", "ccode2", "year")
Joining, by = c("ccode1", "ccode2", "year")
Joining, by = c("ccode1", "ccode2", "year")
Joining, by = c("ccode1", "ccode2", "year")
Joining, by = c("ccode1", "ccode2", "year")
Joining, by = c("ccode1", "ccode2", "year")
Joining, by = c("ccode1", "ccode2", "year")
Joining, by = c("ccode1", "ccode2", "year")
Joining, by = c("year", "dyad")
Joining, by = c("ccode1", "ccode2", "year")
Joining, by = c("ccode1", "ccode2", "year")
Joining, by = c("ccode1", "ccode2", "year")
Joining, by = c("ccode1", "ccode2", "year")
Joining, by = c("ccode1", "ccode2", "year")
Joining, by = c("ccode1", "ccode2", "year")
Joining, by = c("ccode1", "ccode2", "year")
Joining, by = c("ccode1", "ccode2", "year")
Joining, by = c("gwcode1", "gwcode2", "year")
Joining, by = c("ccode1", "ccode2", "year")
Joining, by = c("ccode1", "ccode2", "year")
Joining, by = c("ccode1", "ccode2", "year")
Joining, by = c("ccode1", "ccode2", "year")
Joining, by = c("ccode1", "ccode2", "year")
Joining, by = c("ccode1", "ccode2", "year")
Joining, by = c("ccode1", "ccode2", "year")
Joining, by = c("ccode1", "ccode2", "year")
Joining, by = c("ccode1", "ccode2", "year")
Joining, by = c("ccode1", "ccode2", "year")
Joining, by = c("ccode1", "ccode2", "year")
Joining, by = c("ccode1", "year")
Joining, by = c("ccode2", "year")
Joining, by = c("ccode1", "ccode2", "year")
Joining, by = c("year", "dyad")
Joining, by = c("ccode1", "ccode2", "year")
Joining, by = c("ccode1", "ccode2", "year")
Joining, by = c("gwcode1", "gwcode2", "year")
Joining, by = c("ccode1", "ccode2", "year")
Joining, by = c("ccode1", "ccode2", "year")
Joining, by = c("ccode1", "ccode2", "year")
Joining, by = c("ccode1", "ccode2", "year")
Joining, by = c("ccode1", "ccode2", "year")
Joining, by = c("ccode1", "ccode2", "year")
Joining, by = c("ccode1", "year")
Joining, by = c("ccode2", "year")
Joining, by = c("ccode1", "ccode2", "year")
Joining, by = c("ccode1", "ccode2", "year")
Joining, by = c("ccode1", "ccode2", "year")
Joining, by = c("ccode1", "ccode2", "year")
Joining, by = c("ccode1", "ccode2", "year")
Joining, by = c("ccode1", "ccode2", "year")
Joining, by = c("ccode1", "ccode2", "year")
Joining, by = c("ccode1", "ccode2", "year")
Joining, by = c("ccode1", "ccode2", "year")
Joining, by = c("ccode1", "ccode2", "year")
Joining, by = c("year", "dyad")
Joining, by = c("ccode1", "ccode2", "year")
Joining, by = c("ccode1", "ccode2", "year")
Joining, by = c("ccode1", "ccode2", "year")
Joining, by = c("ccode1", "ccode2", "year")
Joining, by = c("ccode1", "ccode2", "year")
Joining, by = c("year", "dyad")
Joining, by = c("ccode1", "ccode2", "year")
Joining, by = c("ccode1", "ccode2", "year")
Joining, by = c("year", "dyad")
Joining, by = c("ccode1", "ccode2", "year")
Joining, by = c("ccode1", "ccode2", "year")
Joining, by = c("ccode1", "ccode2", "year")
Joining, by = c("gwcode1", "gwcode2", "year")
Joining, by = c("ccode1", "ccode2", "year")
Joining, by = c("ccode1", "ccode2", "year")
Joining, by = c("ccode1", "ccode2", "year")
Joining, by = c("ccode1", "ccode2", "year")
Joining, by = c("ccode1", "ccode2", "year")
Joining, by = c("ccode1", "ccode2", "year")
Joining, by = c("ccode1", "ccode2", "year")
Joining, by = c("ccode1", "ccode2", "year")
Joining, by = c("ccode1", "ccode2", "year")
Joining, by = c("ccode1", "ccode2", "year")
Joining, by = c("ccode1", "ccode2", "year")
Joining, by = c("ccode1", "year")
Joining, by = c("ccode2", "year")
Joining, by = c("ccode1", "ccode2", "year")
Joining, by = c("ccode1", "ccode2", "year")
Joining, by = c("ccode1", "ccode2", "year")
Joining, by = c("ccode1", "ccode2", "year")
Joining, by = c("ccode1", "ccode2", "year")
Joining, by = c("ccode1", "ccode2", "year")
Joining, by = c("year", "dyad")
Joining, by = c("ccode1", "ccode2", "year")
Joining, by = c("ccode1", "year")
Joining, by = c("ccode2", "year")
Joining, by = c("ccode1", "ccode2", "year")
Joining, by = c("ccode1", "year")
Joining, by = c("ccode2", "year")
Joining, by = c("ccode1", "ccode2", "year")
Joining, by = c("ccode1", "ccode2", "year")
Joining, by = c("ccode1", "ccode2", "year")
Joining, by = c("ccode1", "ccode2", "year")
Joining, by = c("year", "dyad")
Joining, by = c("ccode1", "ccode2", "year")
Joining, by = c("ccode1", "ccode2", "year")
Joining, by = c("ccode1", "ccode2", "year")
Joining, by = c("ccode1", "year")
Joining, by = c("ccode2", "year")
Joining, by = c("ccode1", "ccode2", "year")
Joining, by = c("ccode1", "ccode2", "year")
Joining, by = c("ccode1", "ccode2", "year")
Joining, by = c("ccode1", "ccode2", "year")
Joining, by = c("ccode1", "ccode2", "year")
Joining, by = c("ccode1", "ccode2", "year")
Joining, by = c("ccode1", "ccode2", "year")
Joining, by = c("year", "dyad")
Joining, by = c("year", "dyad")
Joining, by = c("ccode1", "ccode2", "year")
Joining, by = c("ccode1", "ccode2", "year")
Joining, by = c("ccode1", "ccode2", "year")
Joining, by = c("ccode1", "ccode2", "year")
Joining, by = c("year", "dyad")
Joining, by = c("ccode1", "ccode2", "year")
Joining, by = c("gwcode1", "gwcode2", "year")
Joining, by = c("ccode1", "ccode2", "year")
Joining, by = c("ccode1", "ccode2", "year")
Joining, by = c("ccode1", "ccode2", "year")
Joining, by = c("year", "dyad")
Joining, by = c("ccode1", "ccode2", "year")
Joining, by = c("ccode1", "ccode2", "year")
Joining, by = c("ccode1", "ccode2", "year")
Joining, by = c("year", "dyad")
Joining, by = c("ccode1", "ccode2", "year")
Joining, by = c("ccode1", "ccode2", "year")
Joining, by = c("year", "dyad")
Joining, by = c("ccode1", "ccode2", "year")
Joining, by = c("ccode1", "ccode2", "year")
Joining, by = c("ccode1", "ccode2", "year")
Joining, by = c("ccode1", "ccode2", "year")
Joining, by = c("year", "dyad")
Joining, by = c("ccode1", "ccode2", "year")
Joining, by = c("year", "dyad")
Joining, by = c("ccode1", "ccode2", "year")
Joining, by = c("ccode1", "ccode2", "year")
Joining, by = c("year", "dyad")
Joining, by = c("ccode1", "ccode2", "year")
Joining, by = c("year", "dyad")
Joining, by = c("ccode1", "ccode2", "year")
Joining, by = c("ccode1", "ccode2", "year")
Joining, by = c("ccode1", "ccode2", "year")
Joining, by = c("ccode1", "ccode2", "year")
Joining, by = c("year", "dyad")
Joining, by = c("ccode1", "ccode2", "year")
Joining, by = c("year", "dyad")
Joining, by = c("ccode1", "ccode2", "year")
Joining, by = c("year", "dyad")
Joining, by = c("ccode1", "ccode2", "year")
Joining, by = c("ccode1", "ccode2", "year")
Joining, by = c("ccode1", "ccode2", "year")
Joining, by = c("gwcode1", "gwcode2", "year")
Joining, by = c("ccode1", "year")
Joining, by = c("ccode2", "year")
Joining, by = c("year", "dyad")
Joining, by = c("ccode1", "ccode2", "year")
Joining, by = c("ccode1", "ccode2", "year")
Joining, by = c("ccode1", "year")
Joining, by = c("ccode2", "year")
Joining, by = c("ccode1", "ccode2", "year")
Joining, by = c("ccode1", "ccode2", "year")
Joining, by = c("ccode1", "year")
Joining, by = c("ccode2", "year")
Joining, by = c("ccode1", "ccode2", "year")
Joining, by = c("year", "dyad")
Joining, by = c("year", "dyad")
Joining, by = c("ccode1", "ccode2", "year")
Joining, by = c("ccode1", "year")
Joining, by = c("ccode2", "year")
Joining, by = c("ccode1", "ccode2", "year")
Joining, by = c("ccode1", "ccode2", "year")
Joining, by = c("ccode1", "ccode2", "year")
Joining, by = c("ccode1", "ccode2", "year")
Joining, by = c("ccode1", "ccode2", "year")
Joining, by = c("ccode1", "ccode2", "year")
Joining, by = c("ccode1", "ccode2", "year")
Joining, by = c("ccode1", "ccode2", "year")
Joining, by = c("ccode1", "ccode2", "year")
Joining, by = c("ccode1", "ccode2", "year")
Joining, by = c("ccode1", "ccode2", "year")
Joining, by = c("ccode1", "ccode2", "year")
Joining, by = c("ccode1", "ccode2", "year")
Joining, by = c("ccode1", "ccode2", "year")
Joining, by = c("year", "dyad")
Joining, by = c("ccode1", "ccode2", "year")
Joining, by = c("ccode1", "ccode2", "year")
Joining, by = c("year", "dyad")
Joining, by = c("ccode1", "ccode2", "year")
Joining, by = c("ccode1", "ccode2", "year")
Joining, by = c("ccode1", "ccode2", "year")
Joining, by = c("ccode1", "ccode2", "year")
Joining, by = c("ccode1", "year")
Joining, by = c("ccode2", "year")
Joining, by = c("ccode1", "ccode2", "year")
Joining, by = c("ccode1", "ccode2", "year")
Joining, by = c("year", "dyad")
Joining, by = c("ccode1", "ccode2", "year")
Joining, by = c("ccode1", "year")
Joining, by = c("ccode2", "year")
Joining, by = c("ccode1", "ccode2", "year")
Joining, by = c("year", "dyad")
Joining, by = c("year", "dyad")
Joining, by = c("ccode1", "ccode2", "year")
Joining, by = c("ccode1", "year")
Joining, by = c("ccode2", "year")
Joining, by = c("year", "dyad")
Joining, by = c("ccode1", "ccode2", "year")
Joining, by = c("ccode1", "ccode2", "year")
Joining, by = c("ccode1", "ccode2", "year")
Joining, by = c("year", "dyad")
Joining, by = c("ccode1", "ccode2", "year")
Joining, by = c("ccode1", "ccode2", "year")
Joining, by = c("gwcode1", "gwcode2", "year")
Joining, by = c("year", "dyad")
Joining, by = c("ccode1", "ccode2", "year")
Joining, by = c("ccode1", "ccode2", "year")
Joining, by = c("ccode1", "ccode2", "year")
Joining, by = c("ccode1", "ccode2", "year")
Joining, by = c("ccode1", "ccode2", "year")
Joining, by = c("ccode1", "ccode2", "year")
Joining, by = c("ccode1", "year")
Joining, by = c("ccode2", "year")
Joining, by = c("ccode1", "ccode2", "year")
Joining, by = c("ccode1", "ccode2", "year")
Joining, by = c("ccode1", "ccode2", "year")
Joining, by = c("ccode1", "ccode2", "year")
Joining, by = c("ccode1", "ccode2", "year")
Joining, by = c("ccode1", "ccode2", "year")
Joining, by = c("year", "dyad")
Joining, by = c("year", "dyad")
Joining, by = c("ccode1", "ccode2", "year")
Joining, by = c("ccode1", "ccode2", "year")
Joining, by = c("ccode1", "ccode2", "year")
Joining, by = c("ccode1", "ccode2", "year")
Joining, by = c("ccode1", "year")
Joining, by = c("ccode2", "year")
Joining, by = c("ccode1", "ccode2", "year")
Joining, by = c("ccode1", "ccode2", "year")
Joining, by = c("ccode1", "ccode2", "year")
Joining, by = c("ccode1", "ccode2", "year")
Joining, by = c("ccode1", "ccode2", "year")
Joining, by = c("ccode1", "year")
Joining, by = c("ccode2", "year")
Joining, by = c("gwcode1", "gwcode2", "year")
Joining, by = c("year", "dyad")
Joining, by = c("ccode1", "ccode2", "year")
Joining, by = c("ccode1", "ccode2", "year")
Joining, by = c("year", "dyad")
Joining, by = c("ccode1", "ccode2", "year")
Joining, by = c("ccode1", "ccode2", "year")
Joining, by = c("year", "dyad")
Joining, by = c("year", "dyad")
Joining, by = c("gwcode1", "gwcode2", "year")
Joining, by = c("year", "dyad")
Joining, by = c("year", "dyad")
Joining, by = c("year", "dyad")
Joining, by = c("ccode1", "ccode2", "year")
Joining, by = c("ccode1", "ccode2", "year")
Joining, by = c("ccode1", "ccode2", "year")
Joining, by = c("year", "dyad")
Joining, by = c("ccode1", "ccode2", "year")
Joining, by = c("ccode1", "ccode2", "year")
Joining, by = c("ccode1", "ccode2", "year")
Joining, by = c("ccode1", "ccode2", "year")
Joining, by = c("ccode1", "ccode2", "year")
Joining, by = c("ccode1", "year")
Joining, by = c("ccode2", "year")
Joining, by = c("ccode1", "ccode2", "year")
Joining, by = c("year", "dyad")
Joining, by = c("ccode1", "ccode2", "year")
Joining, by = c("ccode1", "year")
Joining, by = c("ccode2", "year")
Joining, by = c("ccode1", "year")
Joining, by = c("ccode2", "year")
Joining, by = c("ccode1", "ccode2", "year")
Joining, by = c("ccode1", "ccode2", "year")
Joining, by = c("ccode1", "ccode2", "year")
Joining, by = c("ccode1", "ccode2", "year")
Joining, by = c("ccode1", "ccode2", "year")
Joining, by = c("ccode1", "ccode2", "year")
Joining, by = c("ccode1", "ccode2", "year")
Joining, by = c("ccode1", "ccode2", "year")
Joining, by = c("year", "dyad")
Joining, by = c("ccode1", "ccode2", "year")
Joining, by = c("ccode1", "ccode2", "year")
Joining, by = c("ccode1", "ccode2", "year")
Joining, by = c("ccode1", "ccode2", "year")
Joining, by = c("year", "dyad")
Joining, by = c("ccode1", "ccode2", "year")
Joining, by = c("ccode1", "ccode2", "year")
Joining, by = c("ccode1", "ccode2", "year")
Joining, by = c("ccode1", "ccode2", "year")
Joining, by = c("ccode1", "ccode2", "year")
Joining, by = c("ccode1", "ccode2", "year")
Joining, by = c("year", "dyad")
Joining, by = c("ccode1", "ccode2", "year")
Joining, by = c("ccode1", "ccode2", "year")
Joining, by = c("ccode1", "ccode2", "year")
Joining, by = c("ccode1", "ccode2", "year")
Joining, by = c("year", "dyad")
Joining, by = c("ccode1", "ccode2", "year")
Joining, by = c("ccode1", "ccode2", "year")
Joining, by = c("ccode1", "ccode2", "year")
Joining, by = c("ccode1", "ccode2", "year")
Joining, by = c("year", "dyad")
Joining, by = c("year", "dyad")
Joining, by = c("ccode1", "ccode2", "year")
Joining, by = c("ccode1", "year")
Joining, by = c("ccode2", "year")
Joining, by = c("year", "dyad")
Joining, by = c("year", "dyad")
Joining, by = c("gwcode1", "gwcode2", "year")
Joining, by = c("ccode1", "ccode2", "year")
Joining, by = c("ccode1", "ccode2", "year")
Joining, by = c("ccode1", "ccode2", "year")
Joining, by = c("year", "dyad")
Joining, by = c("year", "dyad")
Joining, by = c("ccode1", "ccode2", "year")
Joining, by = c("ccode1", "ccode2", "year")
Joining, by = c("ccode1", "ccode2", "year")
Joining, by = c("ccode1", "ccode2", "year")
Joining, by = c("ccode1", "ccode2", "year")
Joining, by = c("ccode1", "ccode2", "year")
Joining, by = c("ccode1", "ccode2", "year")
Joining, by = c("year", "dyad")
Joining, by = c("year", "dyad")
Joining, by = c("ccode1", "ccode2", "year")
Joining, by = c("ccode1", "year")
Joining, by = c("ccode2", "year")
Joining, by = c("ccode1", "ccode2", "year")
Joining, by = c("ccode1", "ccode2", "year")
Joining, by = c("ccode1", "ccode2", "year")
Joining, by = c("ccode1", "ccode2", "year")
Joining, by = c("ccode1", "year")
Joining, by = c("ccode2", "year")
Joining, by = c("ccode1", "ccode2", "year")
Joining, by = c("gwcode1", "gwcode2", "year")
Joining, by = c("ccode1", "year")
Joining, by = c("ccode2", "year")
Joining, by = c("ccode1", "ccode2", "year")
Joining, by = c("ccode1", "ccode2", "year")
Joining, by = c("ccode1", "ccode2", "year")
Joining, by = c("ccode1", "ccode2", "year")
Joining, by = c("ccode1", "year")
Joining, by = c("ccode2", "year")
Joining, by = c("ccode1", "ccode2", "year")
Joining, by = c("ccode1", "ccode2", "year")
Joining, by = c("ccode1", "ccode2", "year")
Joining, by = c("year", "dyad")
Joining, by = c("ccode1", "ccode2", "year")
Joining, by = c("ccode1", "ccode2", "year")
Joining, by = c("ccode1", "ccode2", "year")
Joining, by = c("gwcode1", "gwcode2", "year")
Joining, by = c("ccode1", "ccode2", "year")
Joining, by = c("ccode1", "ccode2", "year")
Joining, by = c("ccode1", "ccode2", "year")
Joining, by = c("ccode1", "year")
Joining, by = c("ccode2", "year")
Joining, by = c("ccode1", "ccode2", "year")
Joining, by = c("gwcode1", "gwcode2", "year")
Joining, by = c("ccode1", "year")
Joining, by = c("ccode2", "year")
Joining, by = c("ccode1", "ccode2", "year")
Joining, by = c("ccode1", "ccode2", "year")
Joining, by = c("ccode1", "year")
Joining, by = c("ccode2", "year")
Joining, by = c("ccode1", "ccode2", "year")
Joining, by = c("ccode1", "ccode2", "year")
Joining, by = c("year", "dyad")
Joining, by = c("ccode1", "ccode2", "year")
Joining, by = c("ccode1", "year")
Joining, by = c("ccode2", "year")
Joining, by = c("ccode1", "ccode2", "year")
Joining, by = c("ccode1", "ccode2", "year")
Joining, by = c("ccode1", "ccode2", "year")
Joining, by = c("gwcode1", "gwcode2", "year")
Joining, by = c("ccode1", "year")
Joining, by = c("ccode2", "year")
Joining, by = c("ccode1", "ccode2", "year")
Joining, by = c("ccode1", "ccode2", "year")
Joining, by = c("ccode1", "ccode2", "year")
Joining, by = c("year", "dyad")
Joining, by = c("ccode1", "ccode2", "year")
Joining, by = c("ccode1", "ccode2", "year")
Joining, by = c("ccode1", "ccode2", "year")
Joining, by = c("ccode1", "ccode2", "year")
Joining, by = c("ccode1", "ccode2", "year")
Joining, by = c("ccode1", "year")
Joining, by = c("ccode2", "year")
Joining, by = c("gwcode1", "gwcode2", "year")
Joining, by = c("ccode1", "ccode2", "year")
Joining, by = c("ccode1", "ccode2", "year")
Joining, by = c("ccode1", "ccode2", "year")
Joining, by = c("ccode1", "ccode2", "year")
Joining, by = c("ccode1", "year")
Joining, by = c("ccode2", "year")
Joining, by = c("ccode1", "ccode2", "year")
Joining, by = c("ccode1", "ccode2", "year")
Joining, by = c("ccode1", "ccode2", "year")
Joining, by = c("ccode1", "ccode2", "year")
Joining, by = c("year", "dyad")
Joining, by = c("ccode1", "ccode2", "year")
Joining, by = c("ccode1", "ccode2", "year")
Joining, by = c("ccode1", "ccode2", "year")
Joining, by = c("ccode1", "ccode2", "year")
Joining, by = c("ccode1", "ccode2", "year")
Joining, by = c("ccode1", "ccode2", "year")
Joining, by = c("ccode1", "ccode2", "year")
Joining, by = c("year", "dyad")
Joining, by = c("ccode1", "ccode2", "year")
Joining, by = c("ccode1", "ccode2", "year")
Joining, by = c("ccode1", "ccode2", "year")
Joining, by = c("ccode1", "ccode2", "year")
Joining, by = c("ccode1", "ccode2", "year")
Joining, by = c("ccode1", "ccode2", "year")
Joining, by = c("ccode1", "ccode2", "year")
Joining, by = c("year", "dyad")
Joining, by = c("ccode1", "ccode2", "year")
Joining, by = c("gwcode1", "gwcode2", "year")
Joining, by = c("ccode1", "ccode2", "year")
Joining, by = c("ccode1", "ccode2", "year")
Joining, by = c("ccode1", "ccode2", "year")
Joining, by = c("ccode1", "ccode2", "year")
Joining, by = c("year", "dyad")
Joining, by = c("ccode1", "ccode2", "year")
Joining, by = c("ccode1", "ccode2", "year")
Joining, by = c("ccode1", "ccode2", "year")
Joining, by = c("ccode1", "ccode2", "year")
Joining, by = c("year", "dyad")
Joining, by = c("ccode1", "year")
Joining, by = c("ccode2", "year")
Joining, by = c("ccode1", "ccode2", "year")
Joining, by = c("ccode1", "ccode2", "year")
Joining, by = c("ccode1", "ccode2", "year")
Joining, by = c("ccode1", "ccode2", "year")
Joining, by = c("ccode1", "ccode2", "year")
Joining, by = c("year", "dyad")
Joining, by = c("ccode1", "ccode2", "year")
Joining, by = c("ccode1", "ccode2", "year")
Joining, by = c("ccode1", "ccode2", "year")
Joining, by = c("ccode1", "ccode2", "year")
Joining, by = c("ccode1", "year")
Joining, by = c("ccode2", "year")
Joining, by = c("ccode1", "ccode2", "year")
Joining, by = c("year", "dyad")
Joining, by = c("ccode1", "ccode2", "year")
Joining, by = c("ccode1", "ccode2", "year")
Joining, by = c("ccode1", "ccode2", "year")
Joining, by = c("ccode1", "ccode2", "year")
Joining, by = c("year", "dyad")
Joining, by = c("gwcode1", "gwcode2", "year")
Joining, by = c("ccode1", "ccode2", "year")
Joining, by = c("ccode1", "ccode2", "year")
Joining, by = c("ccode1", "ccode2", "year")
Joining, by = c("ccode1", "ccode2", "year")
Joining, by = c("ccode1", "ccode2", "year")
Joining, by = c("gwcode1", "gwcode2", "year")
Joining, by = c("ccode1", "ccode2", "year")
Joining, by = c("ccode1", "year")
Joining, by = c("ccode2", "year")
Joining, by = c("ccode1", "ccode2", "year")
Joining, by = c("ccode1", "ccode2", "year")
Joining, by = c("year", "dyad")
Joining, by = c("ccode1", "ccode2", "year")
Joining, by = c("ccode1", "ccode2", "year")
Joining, by = c("ccode1", "ccode2", "year")
Joining, by = c("ccode1", "ccode2", "year")
Joining, by = c("ccode1", "ccode2", "year")
Joining, by = c("year", "dyad")
Joining, by = c("year", "dyad")
Joining, by = c("ccode1", "ccode2", "year")
Joining, by = c("ccode1", "ccode2", "year")
Joining, by = c("ccode1", "ccode2", "year")
Joining, by = c("year", "dyad")
Joining, by = c("ccode1", "ccode2", "year")
Joining, by = c("ccode1", "ccode2", "year")
Joining, by = c("year", "dyad")
Joining, by = c("ccode1", "ccode2", "year")
Joining, by = c("year", "dyad")
Joining, by = c("ccode1", "ccode2", "year")
Joining, by = c("gwcode1", "gwcode2", "year")
Joining, by = c("ccode1", "ccode2", "year")
Joining, by = c("ccode1", "ccode2", "year")
Joining, by = c("ccode1", "ccode2", "year")
Joining, by = c("ccode1", "ccode2", "year")
Joining, by = c("ccode1", "ccode2", "year")
Joining, by = c("gwcode1", "gwcode2", "year")
Joining, by = c("ccode1", "ccode2", "year")
Joining, by = c("gwcode1", "gwcode2", "year")
Joining, by = c("ccode1", "ccode2", "year")
Joining, by = c("ccode1", "ccode2", "year")
Joining, by = c("ccode1", "year")
Joining, by = c("ccode2", "year")
Joining, by = c("year", "dyad")
Joining, by = c("ccode1", "ccode2", "year")
Joining, by = c("ccode1", "ccode2", "year")
Joining, by = c("ccode1", "ccode2", "year")
Joining, by = c("year", "dyad")
Joining, by = c("ccode1", "ccode2", "year")
Joining, by = c("ccode1", "year")
Joining, by = c("ccode2", "year")
Joining, by = c("ccode1", "ccode2", "year")
Joining, by = c("ccode1", "ccode2", "year")
Joining, by = c("year", "dyad")
Joining, by = c("ccode1", "ccode2", "year")
Joining, by = c("ccode1", "ccode2", "year")
Joining, by = c("ccode1", "ccode2", "year")
Joining, by = c("ccode1", "ccode2", "year")
Joining, by = c("ccode1", "ccode2", "year")
Joining, by = c("ccode1", "ccode2", "year")
Joining, by = c("ccode1", "ccode2", "year")
Joining, by = c("ccode1", "ccode2", "year")
Joining, by = c("ccode1", "ccode2", "year")
Joining, by = c("year", "dyad")
Joining, by = c("ccode1", "ccode2", "year")
Joining, by = c("ccode1", "ccode2", "year")
Joining, by = c("ccode1", "ccode2", "year")
Joining, by = c("ccode1", "ccode2", "year")
Joining, by = c("gwcode1", "gwcode2", "year")
Joining, by = c("gwcode1", "gwcode2", "year")
Joining, by = c("ccode1", "ccode2", "year")
Joining, by = c("ccode1", "ccode2", "year")
Joining, by = c("ccode1", "ccode2", "year")
Joining, by = c("ccode1", "ccode2", "year")
Joining, by = c("ccode1", "ccode2", "year")
Joining, by = c("ccode1", "ccode2", "year")
Joining, by = c("ccode1", "ccode2", "year")
Joining, by = c("ccode1", "ccode2", "year")
Joining, by = c("ccode1", "ccode2", "year")
Joining, by = c("ccode1", "ccode2", "year")
Joining, by = c("ccode1", "ccode2", "year")
Joining, by = c("ccode1", "ccode2", "year")
Joining, by = c("year", "dyad")
Joining, by = c("ccode1", "ccode2", "year")
Joining, by = c("ccode1", "ccode2", "year")
Joining, by = c("ccode1", "ccode2", "year")
Joining, by = c("ccode1", "ccode2", "year")
Joining, by = c("ccode1", "year")
Joining, by = c("ccode2", "year")
Joining, by = c("gwcode1", "gwcode2", "year")
Joining, by = c("ccode1", "ccode2", "year")
Joining, by = c("gwcode1", "gwcode2", "year")
Joining, by = c("ccode1", "ccode2", "year")
Joining, by = c("year", "dyad")
Joining, by = c("gwcode1", "gwcode2", "year")
Joining, by = c("ccode1", "ccode2", "year")
Joining, by = c("ccode1", "ccode2", "year")
Joining, by = c("ccode1", "ccode2", "year")
Joining, by = c("ccode1", "ccode2", "year")
Joining, by = c("ccode1", "ccode2", "year")
Joining, by = c("ccode1", "ccode2", "year")
Joining, by = c("ccode1", "ccode2", "year")
Joining, by = c("year", "dyad")
Joining, by = c("ccode1", "ccode2", "year")
Joining, by = c("ccode1", "ccode2", "year")
Joining, by = c("ccode1", "ccode2", "year")
Joining, by = c("gwcode1", "gwcode2", "year")
Joining, by = c("ccode1", "year")
Joining, by = c("ccode2", "year")
Joining, by = c("ccode1", "ccode2", "year")
Joining, by = c("year", "dyad")
Joining, by = c("ccode1", "ccode2", "year")
Joining, by = c("ccode1", "ccode2", "year")
Joining, by = c("ccode1", "ccode2", "year")
Joining, by = c("ccode1", "ccode2", "year")
Joining, by = c("ccode1", "ccode2", "year")
Joining, by = c("ccode1", "ccode2", "year")
Joining, by = c("ccode1", "ccode2", "year")
Joining, by = c("ccode1", "ccode2", "year")
Joining, by = c("ccode1", "ccode2", "year")
Joining, by = c("ccode1", "ccode2", "year")
Joining, by = c("year", "dyad")
Joining, by = c("ccode1", "ccode2", "year")
Joining, by = c("year", "dyad")
Joining, by = c("gwcode1", "gwcode2", "year")
Joining, by = c("gwcode1", "gwcode2", "year")
Joining, by = c("ccode1", "ccode2", "year")
Joining, by = c("year", "dyad")
Joining, by = c("ccode1", "ccode2", "year")
Joining, by = c("ccode1", "ccode2", "year")
Joining, by = c("ccode1", "ccode2", "year")
Joining, by = c("ccode1", "ccode2", "year")
Joining, by = c("ccode1", "ccode2", "year")
Joining, by = c("gwcode1", "gwcode2", "year")
Joining, by = c("ccode1", "ccode2", "year")
Joining, by = c("ccode1", "ccode2", "year")
Joining, by = c("ccode1", "ccode2", "year")
Joining, by = c("ccode1", "ccode2", "year")
Joining, by = c("ccode1", "ccode2", "year")
Joining, by = c("ccode1", "ccode2", "year")
Joining, by = c("ccode1", "ccode2", "year")
Joining, by = c("ccode1", "ccode2", "year")
Joining, by = c("ccode1", "ccode2", "year")
Joining, by = c("ccode1", "ccode2", "year")
Joining, by = c("ccode1", "ccode2", "year")
Joining, by = c("ccode1", "year")
Joining, by = c("ccode2", "year")
Joining, by = c("ccode1", "ccode2", "year")
Joining, by = c("year", "dyad")
Joining, by = c("ccode1", "ccode2", "year")
Joining, by = c("ccode1", "ccode2", "year")
Joining, by = c("ccode1", "ccode2", "year")
Joining, by = c("ccode1", "ccode2", "year")
Joining, by = c("ccode1", "ccode2", "year")
Joining, by = c("ccode1", "year")
Joining, by = c("ccode2", "year")
Joining, by = c("ccode1", "ccode2", "year")
Joining, by = c("ccode1", "ccode2", "year")
Joining, by = c("ccode1", "ccode2", "year")
Joining, by = c("year", "dyad")
Joining, by = c("ccode1", "ccode2", "year")
Joining, by = c("ccode1", "ccode2", "year")
Joining, by = c("ccode1", "ccode2", "year")
Joining, by = c("ccode1", "ccode2", "year")
Joining, by = c("ccode1", "ccode2", "year")
Joining, by = c("ccode1", "ccode2", "year")
Joining, by = c("ccode1", "ccode2", "year")
Joining, by = c("ccode1", "ccode2", "year")
Joining, by = c("year", "dyad")
Joining, by = c("ccode1", "ccode2", "year")
Joining, by = c("gwcode1", "gwcode2", "year")
Joining, by = c("ccode1", "ccode2", "year")
Joining, by = c("ccode1", "ccode2", "year")
Joining, by = c("ccode1", "ccode2", "year")
Joining, by = c("ccode1", "ccode2", "year")
Joining, by = c("ccode1", "ccode2", "year")
Joining, by = c("ccode1", "ccode2", "year")
Joining, by = c("ccode1", "ccode2", "year")
Joining, by = c("ccode1", "ccode2", "year")
Joining, by = c("ccode1", "year")
Joining, by = c("ccode2", "year")
Joining, by = c("year", "dyad")
Joining, by = c("ccode1", "ccode2", "year")
Joining, by = c("gwcode1", "gwcode2", "year")
Joining, by = c("ccode1", "ccode2", "year")
Joining, by = c("ccode1", "ccode2", "year")
Joining, by = c("ccode1", "ccode2", "year")
Joining, by = c("ccode1", "ccode2", "year")
Joining, by = c("gwcode1", "gwcode2", "year")
Joining, by = c("ccode1", "ccode2", "year")
Joining, by = c("year", "dyad")
Joining, by = c("year", "dyad")
Joining, by = c("year", "dyad")
Joining, by = c("ccode1", "ccode2", "year")
Joining, by = c("ccode1", "ccode2", "year")
Joining, by = c("ccode1", "ccode2", "year")
Joining, by = c("ccode1", "ccode2", "year")
Joining, by = c("gwcode1", "gwcode2", "year")
Joining, by = c("ccode1", "ccode2", "year")
Joining, by = c("ccode1", "ccode2", "year")
Joining, by = c("ccode1", "year")
Joining, by = c("ccode2", "year")
Joining, by = c("ccode1", "ccode2", "year")
Joining, by = c("ccode1", "ccode2", "year")
Joining, by = c("year", "dyad")
Joining, by = c("ccode1", "year")
Joining, by = c("ccode2", "year")
Joining, by = c("ccode1", "ccode2", "year")
Joining, by = c("ccode1", "ccode2", "year")
Joining, by = c("ccode1", "ccode2", "year")
Joining, by = c("ccode1", "ccode2", "year")
> 
> saveRDS(dyad_bench, "~/Dropbox/projects/peacesciencer/data-raw/times/dyad_bench.rds")
> 
> proc.time()
    user   system  elapsed 
6365.259   43.930 8204.794 
